{
  "RSpec": {
    "coverage": {
      "/Users/nathanbrown/turing/night_writer/lib/braille_converter.rb": {
        "lines": [
          1,
          null,
          1,
          1,
          1,
          1,
          8,
          8,
          null,
          null,
          1,
          11,
          99,
          null,
          11,
          11,
          33,
          null,
          null,
          null,
          1,
          10,
          10,
          10,
          10,
          100,
          null,
          10,
          null,
          null,
          1,
          9,
          9,
          27,
          765,
          null,
          null,
          9,
          null,
          null
        ]
      },
      "/Users/nathanbrown/turing/night_writer/lib/char_lookupable.rb": {
        "lines": [
          1,
          null,
          1,
          769,
          null,
          null,
          null,
          null,
          null,
          null,
          null,
          null,
          null,
          null,
          1,
          769,
          null,
          null,
          null,
          null,
          null,
          null,
          null,
          null,
          null,
          null,
          null,
          null,
          null,
          null,
          null,
          null,
          null,
          null,
          null,
          null,
          null,
          null,
          null,
          null,
          null,
          null,
          null,
          null,
          null,
          null,
          null,
          1,
          100,
          null,
          null,
          null,
          null,
          null,
          null,
          null,
          null,
          null,
          null,
          null,
          null,
          null,
          1,
          769,
          null,
          null,
          null,
          null,
          null,
          null,
          null,
          null,
          null,
          null,
          null,
          null,
          null,
          null,
          null,
          null,
          null,
          null,
          null,
          null,
          null,
          null,
          null,
          null,
          null,
          null,
          null,
          null,
          null,
          1,
          768,
          null,
          null
        ]
      },
      "/Users/nathanbrown/turing/night_writer/spec/char_converter_spec.rb": {
        "lines": [
          1,
          1,
          1,
          null,
          1,
          1,
          9,
          null,
          1,
          1,
          null,
          null,
          1,
          1,
          1,
          null,
          null,
          1,
          1,
          1,
          1,
          1,
          null,
          null,
          1,
          1,
          null,
          null,
          1,
          1,
          null,
          null,
          1,
          1,
          null,
          null,
          null,
          null,
          null,
          null,
          null,
          null,
          null,
          null,
          1,
          null,
          null,
          1,
          1,
          1,
          null,
          null,
          1,
          1,
          1,
          1,
          null,
          null,
          1,
          1,
          null,
          1,
          null,
          null
        ]
      },
      "/Users/nathanbrown/turing/night_writer/lib/char_converter.rb": {
        "lines": [
          1,
          null,
          1,
          1,
          1,
          1,
          10,
          10,
          null,
          null,
          1,
          39,
          717,
          null,
          null,
          null,
          1,
          38,
          706,
          706,
          706,
          null,
          null,
          null,
          1,
          3,
          3,
          3,
          3,
          6,
          6,
          null,
          3,
          null,
          null,
          1,
          11,
          11,
          10,
          10,
          10,
          null,
          1,
          null,
          11,
          null,
          null,
          null
        ]
      },
      "/Users/nathanbrown/turing/night_writer/lib/braille_lookupable.rb": {
        "lines": [
          1,
          null,
          1,
          721,
          null,
          null,
          null,
          null,
          null,
          null,
          null,
          null,
          null,
          null,
          1,
          1442,
          null,
          null,
          null,
          null,
          null,
          null,
          null,
          null,
          null,
          null,
          null,
          null,
          null,
          null,
          null,
          null,
          null,
          null,
          null,
          null,
          null,
          null,
          null,
          null,
          null,
          null,
          null,
          null,
          null,
          1,
          719,
          null,
          null,
          null,
          null,
          null,
          null,
          null,
          null,
          null,
          null,
          null,
          null,
          null,
          1,
          719,
          null,
          719,
          18694,
          null,
          null,
          719,
          null,
          null,
          null
        ]
      },
      "/Users/nathanbrown/turing/night_writer/spec/file_reader_spec.rb": {
        "lines": [
          1,
          1,
          1,
          null,
          1,
          1,
          3,
          null,
          null,
          1,
          1,
          null,
          null,
          1,
          1,
          1,
          null,
          null,
          1,
          1,
          null,
          null,
          1,
          null,
          null,
          1,
          1,
          null,
          null
        ]
      },
      "/Users/nathanbrown/turing/night_writer/lib/file_io.rb": {
        "lines": [
          1,
          null,
          1,
          3,
          null,
          null,
          1,
          1,
          1,
          null,
          null,
          1,
          1,
          1,
          3,
          null,
          null,
          null,
          null,
          1,
          null,
          1,
          2,
          2,
          null,
          null,
          1,
          1,
          1,
          null,
          null,
          null
        ]
      },
      "/Users/nathanbrown/turing/night_writer/spec/file_writer_spec.rb": {
        "lines": [
          1,
          1,
          1,
          null,
          1,
          1,
          2,
          null,
          1,
          1,
          null,
          null,
          1,
          1,
          1,
          null,
          null
        ]
      }
    },
    "timestamp": 1632766414
  }
}
