{
  "RSpec": {
    "coverage": {
      "/Users/nathanbrown/turing/night_writer/lib/braille_converter.rb": {
        "lines": [
          1,
          null,
          1,
          1,
          1,
          1,
          5,
          null,
          null,
          1,
          5,
          15,
          null,
          null,
          5,
          5,
          5,
          5,
          null,
          5,
          5,
          5,
          110,
          null,
          null,
          5,
          5,
          null,
          null
        ]
      },
      "/Users/nathanbrown/turing/night_writer/lib/char_lookupable.rb": {
        "lines": [
          1,
          null,
          1,
          114,
          null,
          null,
          null,
          null,
          null,
          null,
          null,
          null,
          null,
          null,
          1,
          114,
          null,
          null,
          null,
          null,
          null,
          null,
          null,
          null,
          null,
          null,
          null,
          null,
          null,
          null,
          null,
          null,
          null,
          null,
          null,
          null,
          null,
          null,
          null,
          null,
          null,
          null,
          null,
          null,
          null,
          null,
          null,
          1,
          114,
          null,
          null,
          null,
          null,
          null,
          null,
          null,
          null,
          null,
          null,
          null,
          null,
          null,
          null,
          null,
          null,
          null,
          null,
          null,
          null,
          null,
          null,
          null,
          null,
          null,
          null,
          null,
          null,
          null,
          1,
          113,
          null,
          null
        ]
      },
      "/Users/nathanbrown/turing/night_writer/spec/char_converter_spec.rb": {
        "lines": [
          1,
          1,
          1,
          null,
          1,
          1,
          8,
          null,
          1,
          1,
          null,
          null,
          1,
          1,
          1,
          null,
          null,
          1,
          1,
          1,
          1,
          1,
          null,
          null,
          1,
          1,
          null,
          null,
          1,
          1,
          null,
          null,
          1,
          1,
          null,
          null,
          null,
          null,
          null,
          null,
          null,
          null,
          null,
          null,
          1,
          null,
          null,
          1,
          1,
          1,
          null,
          null,
          1,
          1,
          null,
          1,
          null,
          null
        ]
      },
      "/Users/nathanbrown/turing/night_writer/lib/char_converter.rb": {
        "lines": [
          1,
          null,
          1,
          1,
          1,
          1,
          8,
          8,
          null,
          null,
          1,
          30,
          330,
          null,
          null,
          null,
          1,
          29,
          29,
          29,
          29,
          319,
          319,
          319,
          null,
          29,
          29,
          29,
          29,
          29,
          null,
          null,
          1,
          9,
          9,
          9,
          9,
          9,
          9,
          9,
          null,
          0,
          0,
          0,
          null,
          0,
          0,
          0,
          null,
          0,
          null,
          null,
          null,
          null
        ]
      },
      "/Users/nathanbrown/turing/night_writer/lib/braille_lookupable.rb": {
        "lines": [
          1,
          null,
          1,
          334,
          null,
          null,
          null,
          null,
          null,
          null,
          null,
          null,
          null,
          null,
          1,
          668,
          null,
          null,
          null,
          null,
          null,
          null,
          null,
          null,
          null,
          null,
          null,
          null,
          null,
          null,
          null,
          null,
          null,
          null,
          null,
          null,
          null,
          null,
          null,
          null,
          null,
          null,
          null,
          null,
          null,
          1,
          332,
          null,
          null,
          null,
          null,
          null,
          null,
          null,
          null,
          null,
          null,
          null,
          null,
          null,
          1,
          332,
          null,
          332,
          8632,
          null,
          null,
          332,
          null,
          null,
          null
        ]
      },
      "/Users/nathanbrown/turing/night_writer/spec/file_writer_spec.rb": {
        "lines": [
          1,
          1,
          1,
          null,
          1,
          1,
          2,
          null,
          1,
          1,
          null,
          null,
          1,
          1,
          1,
          null,
          null
        ]
      },
      "/Users/nathanbrown/turing/night_writer/lib/file_writer.rb": {
        "lines": [
          null,
          1,
          null,
          1,
          2,
          2,
          null,
          null,
          1,
          1,
          1,
          null,
          null,
          null
        ]
      },
      "/Users/nathanbrown/turing/night_writer/spec/night_reader_spec.rb": {
        "lines": [
          1,
          1,
          1,
          null,
          1,
          1,
          3,
          null,
          null,
          1,
          1,
          null,
          null,
          1,
          1,
          1,
          null,
          null,
          1,
          1,
          null,
          null,
          1,
          null,
          null,
          1,
          1,
          null,
          null
        ]
      },
      "/Users/nathanbrown/turing/night_writer/lib/night_reader.rb": {
        "lines": [
          1,
          null,
          1,
          3,
          null,
          null,
          1,
          1,
          1,
          null,
          null,
          1,
          1,
          1,
          3,
          null,
          null,
          null
        ]
      }
    },
    "timestamp": 1632665360
  }
}
